\BOOKMARK [0][-]{section*.2}{Acknowledgements}{}% 1
\BOOKMARK [0][-]{section*.3}{Abstract}{}% 2
\BOOKMARK [0][-]{chapter.1}{Introduction}{}% 3
\BOOKMARK [1][-]{section.1.1}{The CCD algorithm and curve fitting problem}{chapter.1}% 4
\BOOKMARK [1][-]{section.1.2}{Motivation of the CCD Approach}{chapter.1}% 5
\BOOKMARK [1][-]{section.1.3}{The Contracting Curve Density \(CCD\) Approach}{chapter.1}% 6
\BOOKMARK [2][-]{subsection.1.3.1}{Math description}{section.1.3}% 7
\BOOKMARK [2][-]{subsection.1.3.2}{Possible problems}{section.1.3}% 8
\BOOKMARK [2][-]{subsection.1.3.3}{Sketch of the CCD algorithm}{section.1.3}% 9
\BOOKMARK [1][-]{section.1.4}{Overview of the Thesis}{chapter.1}% 10
\BOOKMARK [0][-]{chapter.2}{Related work}{}% 11
\BOOKMARK [1][-]{section.2.1}{2-Dimensional and 3-Dimensional deformable model}{chapter.2}% 12
\BOOKMARK [1][-]{section.2.2}{Statistical models}{chapter.2}% 13
\BOOKMARK [0][-]{chapter.3}{Software and Hardware Infrastructure}{}% 14
\BOOKMARK [1][-]{section.3.1}{The Robot Operation System \(ROS\)}{chapter.3}% 15
\BOOKMARK [1][-]{section.3.2}{PR2}{chapter.3}% 16
\BOOKMARK [1][-]{section.3.3}{OpenCV library}{chapter.3}% 17
\BOOKMARK [0][-]{chapter.4}{Shape-space Models and B-Spline Curves}{}% 18
\BOOKMARK [1][-]{section.4.1}{B-Spline Function}{chapter.4}% 19
\BOOKMARK [2][-]{subsection.4.1.1}{Uniform quadratic B-Spline}{section.4.1}% 20
\BOOKMARK [2][-]{subsection.4.1.2}{Uniform cubic B-Spline}{section.4.1}% 21
\BOOKMARK [1][-]{section.4.2}{Parametric B-spline curve}{chapter.4}% 22
\BOOKMARK [2][-]{subsection.4.2.1}{Norm for B-spline curves}{section.4.2}% 23
\BOOKMARK [1][-]{section.4.3}{Shape-space models}{chapter.4}% 24
\BOOKMARK [0][-]{chapter.5}{The CCD Algorithm}{}% 25
\BOOKMARK [1][-]{section.5.1}{Pre-processing and model parametrization}{chapter.5}% 26
\BOOKMARK [2][-]{subsection.5.1.1}{Pre-processing of input data}{section.5.1}% 27
\BOOKMARK [2][-]{subsection.5.1.2}{Contour initialization}{section.5.1}% 28
\BOOKMARK [2][-]{subsection.5.1.3}{Model parametrization}{section.5.1}% 29
\BOOKMARK [1][-]{section.5.2}{Local statistics}{chapter.5}% 30
\BOOKMARK [2][-]{subsection.5.2.1}{Collecting local information}{section.5.2}% 31
\BOOKMARK [2][-]{subsection.5.2.2}{Learning local statistics}{section.5.2}% 32
\BOOKMARK [1][-]{section.5.3}{Refine parameters}{chapter.5}% 33
\BOOKMARK [1][-]{section.5.4}{The CCD tracker}{chapter.5}% 34
\BOOKMARK [1][-]{section.5.5}{Summary of the CCD algorithm and its variant}{chapter.5}% 35
\BOOKMARK [1][-]{section.5.6}{Efficiency and complexity}{chapter.5}% 36
\BOOKMARK [0][-]{chapter.6}{Experiments and Results}{}% 37
\BOOKMARK [1][-]{section.6.1}{Contour convergence on still image}{chapter.6}% 38
\BOOKMARK [2][-]{subsection.6.1.1}{Segmenation of a ball}{section.6.1}% 39
\BOOKMARK [2][-]{subsection.6.1.2}{Segmenation of a 3-D obejct}{section.6.1}% 40
\BOOKMARK [2][-]{subsection.6.1.3}{Segmenation of a transparent obejct}{section.6.1}% 41
\BOOKMARK [2][-]{subsection.6.1.4}{Fitting a rigid wire frame}{section.6.1}% 42
\BOOKMARK [1][-]{section.6.2}{Tracking initialization from sift features}{chapter.6}% 43
\BOOKMARK [1][-]{section.6.3}{Tracking initialization from 3D point cloud}{chapter.6}% 44
\BOOKMARK [0][-]{chapter.7}{Conclusion and Future Work}{}% 45
\BOOKMARK [0][-]{chapter*.15}{Bibliography}{}% 46
